<?xml version="1.0" encoding="UTF-8"?>
<coverage generated="1651408182501" clover="3.2.0">
  <project timestamp="1651408182502" name="All files">
    <metrics statements="33" coveredstatements="33" conditionals="13" coveredconditionals="12" methods="5" coveredmethods="5" elements="51" coveredelements="50" complexity="0" loc="33" ncloc="33" packages="1" files="1" classes="1"/>
    <file name="index.js" path="C:\Users\idris\Desktop\cesar\index.js">
      <metrics statements="33" coveredstatements="33" conditionals="13" coveredconditionals="12" methods="5" coveredmethods="5"/>
      <line num="1" count="1" type="stmt"/>
      <line num="2" count="1" type="stmt"/>
      <line num="8" count="1" type="stmt"/>
      <line num="9" count="23" type="cond" truecount="2" falsecount="0"/>
      <line num="10" count="6" type="stmt"/>
      <line num="12" count="17" type="stmt"/>
      <line num="14" count="17" type="stmt"/>
      <line num="16" count="17" type="stmt"/>
      <line num="17" count="110" type="stmt"/>
      <line num="20" count="17" type="stmt"/>
      <line num="29" count="1" type="cond" truecount="1" falsecount="0"/>
      <line num="30" count="12" type="stmt"/>
      <line num="31" count="12" type="stmt"/>
      <line num="33" count="12" type="cond" truecount="2" falsecount="0"/>
      <line num="34" count="3" type="stmt"/>
      <line num="37" count="9" type="stmt"/>
      <line num="39" count="58" type="cond" truecount="1" falsecount="1"/>
      <line num="40" count="58" type="cond" truecount="2" falsecount="0"/>
      <line num="41" count="1" type="stmt"/>
      <line num="42" count="57" type="cond" truecount="2" falsecount="0"/>
      <line num="43" count="2" type="stmt"/>
      <line num="45" count="55" type="stmt"/>
      <line num="46" count="55" type="stmt"/>
      <line num="47" count="55" type="stmt"/>
      <line num="53" count="9" type="stmt"/>
      <line num="60" count="1" type="stmt"/>
      <line num="61" count="7" type="stmt"/>
      <line num="62" count="7" type="stmt"/>
      <line num="70" count="1" type="stmt"/>
      <line num="71" count="3" type="cond" truecount="2" falsecount="0"/>
      <line num="72" count="2" type="stmt"/>
      <line num="74" count="1" type="stmt"/>
      <line num="79" count="1" type="stmt"/>
    </file>
  </project>
</coverage>
