{"C:\\Users\\idris\\Desktop\\cesar\\index.js": {"path":"C:\\Users\\idris\\Desktop\\cesar\\index.js","statementMap":{"0":{"start":{"line":1,"column":13},"end":{"line":1,"column":14}},"1":{"start":{"line":2,"column":13},"end":{"line":2,"column":350}},"2":{"start":{"line":8,"column":21},"end":{"line":21,"column":1}},"3":{"start":{"line":9,"column":4},"end":{"line":11,"column":5}},"4":{"start":{"line":10,"column":8},"end":{"line":10,"column":20}},"5":{"start":{"line":12,"column":23},"end":{"line":12,"column":25}},"6":{"start":{"line":14,"column":4},"end":{"line":14,"column":25}},"7":{"start":{"line":16,"column":4},"end":{"line":18,"column":5}},"8":{"start":{"line":16,"column":23},"end":{"line":16,"column":24}},"9":{"start":{"line":17,"column":8},"end":{"line":17,"column":40}},"10":{"start":{"line":20,"column":4},"end":{"line":20,"column":21}},"11":{"start":{"line":29,"column":20},"end":{"line":54,"column":1}},"12":{"start":{"line":30,"column":23},"end":{"line":30,"column":42}},"13":{"start":{"line":31,"column":17},"end":{"line":31,"column":19}},"14":{"start":{"line":33,"column":4},"end":{"line":35,"column":5}},"15":{"start":{"line":34,"column":8},"end":{"line":34,"column":20}},"16":{"start":{"line":37,"column":4},"end":{"line":51,"column":6}},"17":{"start":{"line":39,"column":8},"end":{"line":49,"column":9}},"18":{"start":{"line":40,"column":12},"end":{"line":48,"column":13}},"19":{"start":{"line":41,"column":16},"end":{"line":41,"column":37}},"20":{"start":{"line":42,"column":18},"end":{"line":48,"column":13}},"21":{"start":{"line":43,"column":16},"end":{"line":43,"column":35}},"22":{"start":{"line":45,"column":36},"end":{"line":45,"column":60}},"23":{"start":{"line":46,"column":32},"end":{"line":46,"column":48}},"24":{"start":{"line":47,"column":16},"end":{"line":47,"column":46}},"25":{"start":{"line":53,"column":4},"end":{"line":53,"column":17}},"26":{"start":{"line":60,"column":20},"end":{"line":63,"column":1}},"27":{"start":{"line":61,"column":29},"end":{"line":61,"column":52}},"28":{"start":{"line":62,"column":4},"end":{"line":62,"column":40}},"29":{"start":{"line":70,"column":20},"end":{"line":76,"column":1}},"30":{"start":{"line":71,"column":4},"end":{"line":75,"column":5}},"31":{"start":{"line":72,"column":8},"end":{"line":72,"column":19}},"32":{"start":{"line":74,"column":8},"end":{"line":74,"column":20}},"33":{"start":{"line":79,"column":0},"end":{"line":84,"column":1}}},"fnMap":{"0":{"name":"(anonymous_0)","decl":{"start":{"line":8,"column":21},"end":{"line":8,"column":22}},"loc":{"start":{"line":8,"column":30},"end":{"line":21,"column":1}},"line":8},"1":{"name":"(anonymous_1)","decl":{"start":{"line":29,"column":20},"end":{"line":29,"column":21}},"loc":{"start":{"line":29,"column":42},"end":{"line":54,"column":1}},"line":29},"2":{"name":"(anonymous_2)","decl":{"start":{"line":37,"column":23},"end":{"line":37,"column":24}},"loc":{"start":{"line":37,"column":31},"end":{"line":51,"column":5}},"line":37},"3":{"name":"(anonymous_3)","decl":{"start":{"line":60,"column":20},"end":{"line":60,"column":21}},"loc":{"start":{"line":60,"column":33},"end":{"line":63,"column":1}},"line":60},"4":{"name":"(anonymous_4)","decl":{"start":{"line":70,"column":20},"end":{"line":70,"column":21}},"loc":{"start":{"line":70,"column":42},"end":{"line":76,"column":1}},"line":70}},"branchMap":{"0":{"loc":{"start":{"line":9,"column":4},"end":{"line":11,"column":5}},"type":"if","locations":[{"start":{"line":9,"column":4},"end":{"line":11,"column":5}},{"start":{},"end":{}}],"line":9},"1":{"loc":{"start":{"line":29,"column":28},"end":{"line":29,"column":39}},"type":"default-arg","locations":[{"start":{"line":29,"column":35},"end":{"line":29,"column":39}}],"line":29},"2":{"loc":{"start":{"line":33,"column":4},"end":{"line":35,"column":5}},"type":"if","locations":[{"start":{"line":33,"column":4},"end":{"line":35,"column":5}},{"start":{},"end":{}}],"line":33},"3":{"loc":{"start":{"line":39,"column":8},"end":{"line":49,"column":9}},"type":"if","locations":[{"start":{"line":39,"column":8},"end":{"line":49,"column":9}},{"start":{},"end":{}}],"line":39},"4":{"loc":{"start":{"line":40,"column":12},"end":{"line":48,"column":13}},"type":"if","locations":[{"start":{"line":40,"column":12},"end":{"line":48,"column":13}},{"start":{"line":42,"column":18},"end":{"line":48,"column":13}}],"line":40},"5":{"loc":{"start":{"line":42,"column":18},"end":{"line":48,"column":13}},"type":"if","locations":[{"start":{"line":42,"column":18},"end":{"line":48,"column":13}},{"start":{"line":44,"column":17},"end":{"line":48,"column":13}}],"line":42},"6":{"loc":{"start":{"line":71,"column":4},"end":{"line":75,"column":5}},"type":"if","locations":[{"start":{"line":71,"column":4},"end":{"line":75,"column":5}},{"start":{"line":73,"column":9},"end":{"line":75,"column":5}}],"line":71}},"s":{"0":1,"1":1,"2":1,"3":23,"4":6,"5":17,"6":17,"7":17,"8":17,"9":110,"10":17,"11":1,"12":12,"13":12,"14":12,"15":3,"16":9,"17":58,"18":58,"19":1,"20":57,"21":2,"22":55,"23":55,"24":55,"25":9,"26":1,"27":7,"28":7,"29":1,"30":3,"31":2,"32":1,"33":1},"f":{"0":23,"1":12,"2":58,"3":7,"4":3},"b":{"0":[6,17],"1":[5],"2":[3,9],"3":[58,0],"4":[1,57],"5":[2,55],"6":[2,1]},"_coverageSchema":"1a1c01bbd47fc00a2c39e90264f33305004495a9","hash":"041023b91f9a95ff8c6149cb4e917d223a9a71d9"}
}
