TN:
SF:index.js
FN:8,(anonymous_0)
FN:29,(anonymous_1)
FN:37,(anonymous_2)
FN:60,(anonymous_3)
FN:70,(anonymous_4)
FNF:5
FNH:5
FNDA:23,(anonymous_0)
FNDA:12,(anonymous_1)
FNDA:58,(anonymous_2)
FNDA:7,(anonymous_3)
FNDA:3,(anonymous_4)
DA:1,1
DA:2,1
DA:8,1
DA:9,23
DA:10,6
DA:12,17
DA:14,17
DA:16,17
DA:17,110
DA:20,17
DA:29,1
DA:30,12
DA:31,12
DA:33,12
DA:34,3
DA:37,9
DA:39,58
DA:40,58
DA:41,1
DA:42,57
DA:43,2
DA:45,55
DA:46,55
DA:47,55
DA:53,9
DA:60,1
DA:61,7
DA:62,7
DA:70,1
DA:71,3
DA:72,2
DA:74,1
DA:79,1
LF:33
LH:33
BRDA:9,0,0,6
BRDA:9,0,1,17
BRDA:29,1,0,5
BRDA:33,2,0,3
BRDA:33,2,1,9
BRDA:39,3,0,58
BRDA:39,3,1,0
BRDA:40,4,0,1
BRDA:40,4,1,57
BRDA:42,5,0,2
BRDA:42,5,1,55
BRDA:71,6,0,2
BRDA:71,6,1,1
BRF:13
BRH:12
end_of_record
